Initializing n8n process
n8n ready on ::, port 5678
n8n Task Broker ready on 127.0.0.1, port 5679
Failed to start Python task runner in internal mode. because its virtual environment is missing from this system. Launching a Python runner in internal mode is intended only for debugging and is not recommended for production. Users are encouraged to deploy in external mode. See: https://docs.n8n.io/hosting/configuration/task-runners/#setting-up-external-mode
[license SDK] Skipping renewal on init: license cert is not due for renewal
Registered runner "JS Task Runner" (RVDUPc-u740KeAv7fdr7E) 
Instance registered
Discovered 4 cluster checks
Currently active workflows:
   - Supabase to GSheets (Dynamic Cycle & Multi-User) v1.5.1 (ID: JIfwZP5txIaEsyvZ)
[Recovery] Logs available, amended execution
[Recovery] Logs available, amended execution
Found unfinished executions: 298, 304
This could be due to a crash of an active workflow or a restart of n8n
Version: 2.21.7
Building workflow dependency index...
Start Active Workflows:
Finished building workflow dependency index. Processed 1 draft workflows, 0 published workflows.
Activated workflow "Supabase to GSheets (Dynamic Cycle & Multi-User) v1.5.1" (ID: JIfwZP5txIaEsyvZ)

Editor is now accessible via:
http://localhost:5678
2026-05-23T18:42:17.618Z [Rudder] error: Response error code: ECONNABORTED
2026-05-23T18:42:17.716Z [Rudder] error: Error: ECONNABORTED
timeout of 300000ms exceeded
AxiosError: timeout of 300000ms exceeded
    at createTimeoutError (/Users/rei/.nvm/versions/node/v22.22.3/lib/node_modules/n8n/node_modules/axios/lib/adapters/http.js:489:16)
    at RedirectableRequest.handleTimeout (/Users/rei/.nvm/versions/node/v22.22.3/lib/node_modules/n8n/node_modules/axios/lib/adapters/http.js:1119:17)
    at RedirectableRequest.emit (node:events:519:28)
    at Timeout._onTimeout (/Users/rei/.nvm/versions/node/v22.22.3/lib/node_modules/n8n/node_modules/follow-redirects/index.js:233:12)
    at listOnTimeout (node:internal/timers:585:17)
    at processTimers (node:internal/timers:521:7)
    at Axios.request (/Users/rei/.nvm/versions/node/v22.22.3/lib/node_modules/n8n/node_modules/axios/lib/core/Axios.js:46:41)
    at processTicksAndRejections (node:internal/process/task_queues:103:5)
    at runNextTicks (node:internal/process/task_queues:68:3)
    at processTimers (node:internal/timers:518:9)

Error fetching feature flags Error [PostHogFetchNetworkError]: Network error while fetching PostHog
    at new PostHogFetchNetworkError (/Users/rei/.nvm/versions/node/v22.22.3/lib/node_modules/n8n/node_modules/posthog-core/src/index.ts:41:5)
    at PostHog.<anonymous> (/Users/rei/.nvm/versions/node/v22.22.3/lib/node_modules/n8n/node_modules/posthog-core/src/index.ts:546:17)
    at step (/Users/rei/.nvm/versions/node/v22.22.3/lib/node_modules/n8n/node_modules/node_modules/tslib/tslib.es6.js:102:23)
    at Object.throw (/Users/rei/.nvm/versions/node/v22.22.3/lib/node_modules/n8n/node_modules/node_modules/tslib/tslib.es6.js:83:53)
    at rejected (/Users/rei/.nvm/versions/node/v22.22.3/lib/node_modules/n8n/node_modules/node_modules/tslib/tslib.es6.js:74:65)
    at processTicksAndRejections (node:internal/process/task_queues:103:5) {
  error: TypeError: fetch failed
      at node:internal/deps/undici/undici:14976:13
      at processTicksAndRejections (node:internal/process/task_queues:103:5) {
    [cause]: Error: self-signed certificate
        at TLSSocket.onConnectSecure (node:internal/tls/wrap:1701:34)
        at TLSSocket.emit (node:events:519:28)
        at TLSSocket._finishInit (node:internal/tls/wrap:1099:8)
        at TLSWrap.ssl.onhandshakedone (node:internal/tls/wrap:885:12) {
      code: 'DEPTH_ZERO_SELF_SIGNED_CERT'
    }
  },
  [cause]: TypeError: fetch failed
      at node:internal/deps/undici/undici:14976:13
      at processTicksAndRejections (node:internal/process/task_queues:103:5) {
    [cause]: Error: self-signed certificate
        at TLSSocket.onConnectSecure (node:internal/tls/wrap:1701:34)
        at TLSSocket.emit (node:events:519:28)
        at TLSSocket._finishInit (node:internal/tls/wrap:1099:8)
        at TLSWrap.ssl.onhandshakedone (node:internal/tls/wrap:885:12) {
      code: 'DEPTH_ZERO_SELF_SIGNED_CERT'
    }
  }
}
Error fetching feature flags Error [PostHogFetchNetworkError]: Network error while fetching PostHog
    at new PostHogFetchNetworkError (/Users/rei/.nvm/versions/node/v22.22.3/lib/node_modules/n8n/node_modules/posthog-core/src/index.ts:41:5)
    at PostHog.<anonymous> (/Users/rei/.nvm/versions/node/v22.22.3/lib/node_modules/n8n/node_modules/posthog-core/src/index.ts:546:17)
    at step (/Users/rei/.nvm/versions/node/v22.22.3/lib/node_modules/n8n/node_modules/node_modules/tslib/tslib.es6.js:102:23)
    at Object.throw (/Users/rei/.nvm/versions/node/v22.22.3/lib/node_modules/n8n/node_modules/node_modules/tslib/tslib.es6.js:83:53)
    at rejected (/Users/rei/.nvm/versions/node/v22.22.3/lib/node_modules/n8n/node_modules/node_modules/tslib/tslib.es6.js:74:65)
    at processTicksAndRejections (node:internal/process/task_queues:103:5) {
  error: TypeError: fetch failed
      at node:internal/deps/undici/undici:14976:13
      at processTicksAndRejections (node:internal/process/task_queues:103:5) {
    [cause]: Error: self-signed certificate
        at TLSSocket.onConnectSecure (node:internal/tls/wrap:1701:34)
        at TLSSocket.emit (node:events:519:28)
        at TLSSocket._finishInit (node:internal/tls/wrap:1099:8)
        at TLSWrap.ssl.onhandshakedone (node:internal/tls/wrap:885:12) {
      code: 'DEPTH_ZERO_SELF_SIGNED_CERT'
    }
  },
  [cause]: TypeError: fetch failed
      at node:internal/deps/undici/undici:14976:13
      at processTicksAndRejections (node:internal/process/task_queues:103:5) {
    [cause]: Error: self-signed certificate
        at TLSSocket.onConnectSecure (node:internal/tls/wrap:1701:34)
        at TLSSocket.emit (node:events:519:28)
        at TLSSocket._finishInit (node:internal/tls/wrap:1099:8)
        at TLSWrap.ssl.onhandshakedone (node:internal/tls/wrap:885:12) {
      code: 'DEPTH_ZERO_SELF_SIGNED_CERT'
    }
  }
}
2026-05-23T22:23:26.430Z [Rudder] error: Response error code: DEPTH_ZERO_SELF_SIGNED_CERT
2026-05-23T22:23:26.433Z [Rudder] error: Error: DEPTH_ZERO_SELF_SIGNED_CERT
self-signed certificate
Error: self-signed certificate
    at Function.from (/Users/rei/.nvm/versions/node/v22.22.3/lib/node_modules/n8n/node_modules/axios/lib/core/AxiosError.js:77:24)
    at RedirectableRequest.handleRequestError (/Users/rei/.nvm/versions/node/v22.22.3/lib/node_modules/n8n/node_modules/axios/lib/adapters/http.js:1051:27)
    at RedirectableRequest.emit (node:events:531:35)
    at ClientRequest.eventHandlers.<computed> (/Users/rei/.nvm/versions/node/v22.22.3/lib/node_modules/n8n/node_modules/follow-redirects/index.js:56:24)
    at ClientRequest.emit (node:events:519:28)
    at emitErrorEvent (node:_http_client:108:11)
    at TLSSocket.socketErrorListener (node:_http_client:575:5)
    at TLSSocket.emit (node:events:531:35)
    at emitErrorNT (node:internal/streams/destroy:170:8)
    at emitErrorCloseNT (node:internal/streams/destroy:129:3)

self-signed certificate
Error: self-signed certificate
    at TLSSocket.onConnectSecure (node:internal/tls/wrap:1701:34)
    at TLSSocket.emit (node:events:519:28)
    at TLSSocket._finishInit (node:internal/tls/wrap:1099:8)
    at TLSWrap.ssl.onhandshakedone (node:internal/tls/wrap:885:12)

2026-05-23T23:04:01.199Z [Rudder] error: Response error code: DEPTH_ZERO_SELF_SIGNED_CERT
2026-05-23T23:04:01.202Z [Rudder] error: Error: DEPTH_ZERO_SELF_SIGNED_CERT
self-signed certificate
Error: self-signed certificate
    at Function.from (/Users/rei/.nvm/versions/node/v22.22.3/lib/node_modules/n8n/node_modules/axios/lib/core/AxiosError.js:77:24)
    at RedirectableRequest.handleRequestError (/Users/rei/.nvm/versions/node/v22.22.3/lib/node_modules/n8n/node_modules/axios/lib/adapters/http.js:1051:27)
    at RedirectableRequest.emit (node:events:531:35)
    at ClientRequest.eventHandlers.<computed> (/Users/rei/.nvm/versions/node/v22.22.3/lib/node_modules/n8n/node_modules/follow-redirects/index.js:56:24)
    at ClientRequest.emit (node:events:519:28)
    at emitErrorEvent (node:_http_client:108:11)
    at TLSSocket.socketErrorListener (node:_http_client:575:5)
    at TLSSocket.emit (node:events:531:35)
    at emitErrorNT (node:internal/streams/destroy:170:8)
    at emitErrorCloseNT (node:internal/streams/destroy:129:3)

self-signed certificate
Error: self-signed certificate
    at TLSSocket.onConnectSecure (node:internal/tls/wrap:1701:34)
    at TLSSocket.emit (node:events:519:28)
    at TLSSocket._finishInit (node:internal/tls/wrap:1099:8)
    at TLSWrap.ssl.onhandshakedone (node:internal/tls/wrap:885:12)

Error fetching feature flags Error [PostHogFetchNetworkError]: Network error while fetching PostHog
    at new PostHogFetchNetworkError (/Users/rei/.nvm/versions/node/v22.22.3/lib/node_modules/n8n/node_modules/posthog-core/src/index.ts:41:5)
    at PostHog.<anonymous> (/Users/rei/.nvm/versions/node/v22.22.3/lib/node_modules/n8n/node_modules/posthog-core/src/index.ts:546:17)
    at step (/Users/rei/.nvm/versions/node/v22.22.3/lib/node_modules/n8n/node_modules/node_modules/tslib/tslib.es6.js:102:23)
    at Object.throw (/Users/rei/.nvm/versions/node/v22.22.3/lib/node_modules/n8n/node_modules/node_modules/tslib/tslib.es6.js:83:53)
    at rejected (/Users/rei/.nvm/versions/node/v22.22.3/lib/node_modules/n8n/node_modules/node_modules/tslib/tslib.es6.js:74:65)
    at processTicksAndRejections (node:internal/process/task_queues:103:5) {
  error: TypeError: fetch failed
      at node:internal/deps/undici/undici:14976:13
      at processTicksAndRejections (node:internal/process/task_queues:103:5) {
    [cause]: Error: self-signed certificate
        at TLSSocket.onConnectSecure (node:internal/tls/wrap:1701:34)
        at TLSSocket.emit (node:events:519:28)
        at TLSSocket._finishInit (node:internal/tls/wrap:1099:8)
        at TLSWrap.ssl.onhandshakedone (node:internal/tls/wrap:885:12) {
      code: 'DEPTH_ZERO_SELF_SIGNED_CERT'
    }
  },
  [cause]: TypeError: fetch failed
      at node:internal/deps/undici/undici:14976:13
      at processTicksAndRejections (node:internal/process/task_queues:103:5) {
    [cause]: Error: self-signed certificate
        at TLSSocket.onConnectSecure (node:internal/tls/wrap:1701:34)
        at TLSSocket.emit (node:events:519:28)
        at TLSSocket._finishInit (node:internal/tls/wrap:1099:8)
        at TLSWrap.ssl.onhandshakedone (node:internal/tls/wrap:885:12) {
      code: 'DEPTH_ZERO_SELF_SIGNED_CERT'
    }
  }
}
Error fetching feature flags Error [PostHogFetchNetworkError]: Network error while fetching PostHog
    at new PostHogFetchNetworkError (/Users/rei/.nvm/versions/node/v22.22.3/lib/node_modules/n8n/node_modules/posthog-core/src/index.ts:41:5)
    at PostHog.<anonymous> (/Users/rei/.nvm/versions/node/v22.22.3/lib/node_modules/n8n/node_modules/posthog-core/src/index.ts:546:17)
    at step (/Users/rei/.nvm/versions/node/v22.22.3/lib/node_modules/n8n/node_modules/node_modules/tslib/tslib.es6.js:102:23)
    at Object.throw (/Users/rei/.nvm/versions/node/v22.22.3/lib/node_modules/n8n/node_modules/node_modules/tslib/tslib.es6.js:83:53)
    at rejected (/Users/rei/.nvm/versions/node/v22.22.3/lib/node_modules/n8n/node_modules/node_modules/tslib/tslib.es6.js:74:65)
    at processTicksAndRejections (node:internal/process/task_queues:103:5) {
  error: TypeError: fetch failed
      at node:internal/deps/undici/undici:14976:13
      at processTicksAndRejections (node:internal/process/task_queues:103:5) {
    [cause]: Error: getaddrinfo ENOTFOUND ph.n8n.io
        at GetAddrInfoReqWrap.onlookup [as oncomplete] (node:dns:111:26) {
      errno: -3008,
      code: 'ENOTFOUND',
      syscall: 'getaddrinfo',
      hostname: 'ph.n8n.io'
    }
  },
  [cause]: TypeError: fetch failed
      at node:internal/deps/undici/undici:14976:13
      at processTicksAndRejections (node:internal/process/task_queues:103:5) {
    [cause]: Error: getaddrinfo ENOTFOUND ph.n8n.io
        at GetAddrInfoReqWrap.onlookup [as oncomplete] (node:dns:111:26) {
      errno: -3008,
      code: 'ENOTFOUND',
      syscall: 'getaddrinfo',
      hostname: 'ph.n8n.io'
    }
  }
}
2026-05-24T00:04:27.484Z [Rudder] error: Response error code: ENOTFOUND
2026-05-24T00:04:27.485Z [Rudder] error: Error: ENOTFOUND
getaddrinfo ENOTFOUND telemetry.n8n.io
Error: getaddrinfo ENOTFOUND telemetry.n8n.io
    at Function.from (/Users/rei/.nvm/versions/node/v22.22.3/lib/node_modules/n8n/node_modules/axios/lib/core/AxiosError.js:77:24)
    at RedirectableRequest.handleRequestError (/Users/rei/.nvm/versions/node/v22.22.3/lib/node_modules/n8n/node_modules/axios/lib/adapters/http.js:1051:27)
    at RedirectableRequest.emit (node:events:531:35)
    at ClientRequest.eventHandlers.<computed> (/Users/rei/.nvm/versions/node/v22.22.3/lib/node_modules/n8n/node_modules/follow-redirects/index.js:56:24)
    at ClientRequest.emit (node:events:519:28)
    at emitErrorEvent (node:_http_client:108:11)
    at TLSSocket.socketErrorListener (node:_http_client:575:5)
    at TLSSocket.emit (node:events:531:35)
    at emitErrorNT (node:internal/streams/destroy:170:8)
    at emitErrorCloseNT (node:internal/streams/destroy:129:3)

getaddrinfo ENOTFOUND telemetry.n8n.io
Error: getaddrinfo ENOTFOUND telemetry.n8n.io
    at GetAddrInfoReqWrap.onlookup [as oncomplete] (node:dns:111:26)

